Copyright 1986-2017 Xilinx, Inc. All Rights Reserved.
---------------------------------------------------------------------------------------------------------------------------------------------------------
| Tool Version : Vivado v.2017.3 (win64) Build 2018833 Wed Oct  4 19:58:22 MDT 2017
| Date         : Wed May 20 22:18:45 2026
| Host         : Icer running 64-bit major release  (build 9200)
| Command      : report_utilization -file mipi_csi2_capture_fpga_wrapper_utilization_placed.rpt -pb mipi_csi2_capture_fpga_wrapper_utilization_placed.pb
| Design       : mipi_csi2_capture_fpga_wrapper
| Device       : xczu9egffvb1156-2
| Design State : Fully Placed
---------------------------------------------------------------------------------------------------------------------------------------------------------

Utilization Design Information

Table of Contents
-----------------
1. CLB Logic
1.1 Summary of Registers by Type
2. CLB Logic Distribution
3. BLOCKRAM
4. ARITHMETIC
5. I/O
6. CLOCK
7. ADVANCED
8. CONFIGURATION
9. Primitives
10. Black Boxes
11. Instantiated Netlists

1. CLB Logic
------------

+----------------------------+------+-------+-----------+-------+
|          Site Type         | Used | Fixed | Available | Util% |
+----------------------------+------+-------+-----------+-------+
| CLB LUTs                   |  618 |     0 |    274080 |  0.23 |
|   LUT as Logic             |  610 |     0 |    274080 |  0.22 |
|   LUT as Memory            |    8 |     0 |    144000 | <0.01 |
|     LUT as Distributed RAM |    8 |     0 |           |       |
|     LUT as Shift Register  |    0 |     0 |           |       |
| CLB Registers              | 1135 |     0 |    548160 |  0.21 |
|   Register as Flip Flop    | 1135 |     0 |    548160 |  0.21 |
|   Register as Latch        |    0 |     0 |    548160 |  0.00 |
| CARRY8                     |    0 |     0 |     34260 |  0.00 |
| F7 Muxes                   |   64 |     0 |    137040 |  0.05 |
| F8 Muxes                   |   32 |     0 |     68520 |  0.05 |
| F9 Muxes                   |    0 |     0 |     34260 |  0.00 |
+----------------------------+------+-------+-----------+-------+


1.1 Summary of Registers by Type
--------------------------------

+-------+--------------+-------------+--------------+
| Total | Clock Enable | Synchronous | Asynchronous |
+-------+--------------+-------------+--------------+
| 0     |            _ |           - |            - |
| 0     |            _ |           - |          Set |
| 0     |            _ |           - |        Reset |
| 0     |            _ |         Set |            - |
| 0     |            _ |       Reset |            - |
| 0     |          Yes |           - |            - |
| 0     |          Yes |           - |          Set |
| 0     |          Yes |           - |        Reset |
| 47    |          Yes |         Set |            - |
| 1088  |          Yes |       Reset |            - |
+-------+--------------+-------------+--------------+


2. CLB Logic Distribution
-------------------------

+-------------------------------------------+------+-------+-----------+-------+
|                 Site Type                 | Used | Fixed | Available | Util% |
+-------------------------------------------+------+-------+-----------+-------+
| CLB                                       |  198 |     0 |     34260 |  0.58 |
|   CLBL                                    |   83 |     0 |           |       |
|   CLBM                                    |  115 |     0 |           |       |
| LUT as Logic                              |  610 |     0 |    274080 |  0.22 |
|   using O5 output only                    |   21 |       |           |       |
|   using O6 output only                    |  459 |       |           |       |
|   using O5 and O6                         |  130 |       |           |       |
| LUT as Memory                             |    8 |     0 |    144000 | <0.01 |
|   LUT as Distributed RAM                  |    8 |     0 |           |       |
|     using O5 output only                  |    0 |       |           |       |
|     using O6 output only                  |    0 |       |           |       |
|     using O5 and O6                       |    8 |       |           |       |
|   LUT as Shift Register                   |    0 |     0 |           |       |
| LUT Flip Flop Pairs                       |  232 |     0 |    274080 |  0.08 |
|   fully used LUT-FF pairs                 |   66 |       |           |       |
|   LUT-FF pairs with one unused LUT output |  161 |       |           |       |
|   LUT-FF pairs with one unused Flip Flop  |  134 |       |           |       |
| Unique Control Sets                       |  131 |       |           |       |
+-------------------------------------------+------+-------+-----------+-------+
* Note: Review the Control Sets Report for more information regarding control sets.


3. BLOCKRAM
-----------

+----------------+------+-------+-----------+-------+
|    Site Type   | Used | Fixed | Available | Util% |
+----------------+------+-------+-----------+-------+
| Block RAM Tile |    0 |     0 |       912 |  0.00 |
|   RAMB36/FIFO* |    0 |     0 |       912 |  0.00 |
|   RAMB18       |    0 |     0 |      1824 |  0.00 |
+----------------+------+-------+-----------+-------+
* Note: Each Block RAM Tile only has one FIFO logic available and therefore can accommodate only one FIFO36E2 or one FIFO18E2. However, if a FIFO18E2 occupies a Block RAM Tile, that tile can still accommodate a RAMB18E2


4. ARITHMETIC
-------------

+-----------+------+-------+-----------+-------+
| Site Type | Used | Fixed | Available | Util% |
+-----------+------+-------+-----------+-------+
| DSPs      |    0 |     0 |      2520 |  0.00 |
+-----------+------+-------+-----------+-------+


5. I/O
------

+------------------+------+-------+-----------+-------+
|     Site Type    | Used | Fixed | Available | Util% |
+------------------+------+-------+-----------+-------+
| Bonded IOB       |   77 |     0 |       328 | 23.48 |
| HPIOB_M          |   39 |     0 |        96 | 40.63 |
|   INPUT          |   23 |       |           |       |
|   OUTPUT         |   16 |       |           |       |
|   BIDIR          |    0 |       |           |       |
| HPIOB_S          |   38 |     0 |        96 | 39.58 |
|   INPUT          |   19 |       |           |       |
|   OUTPUT         |   19 |       |           |       |
|   BIDIR          |    0 |       |           |       |
| HDIOB_M          |    0 |     0 |        60 |  0.00 |
| HDIOB_S          |    0 |     0 |        60 |  0.00 |
| HPIOB_SNGL       |    0 |     0 |        16 |  0.00 |
| HPIOBDIFFINBUF   |    0 |     0 |        96 |  0.00 |
| HPIOBDIFFOUTBUF  |    0 |     0 |        96 |  0.00 |
| HDIOBDIFFINBUF   |    0 |     0 |        60 |  0.00 |
| BITSLICE_CONTROL |    0 |     0 |        32 |  0.00 |
| BITSLICE_RX_TX   |    0 |     0 |       208 |  0.00 |
| BITSLICE_TX      |    0 |     0 |        32 |  0.00 |
| RIU_OR           |    0 |     0 |        16 |  0.00 |
+------------------+------+-------+-----------+-------+


6. CLOCK
--------

+----------------------+------+-------+-----------+-------+
|       Site Type      | Used | Fixed | Available | Util% |
+----------------------+------+-------+-----------+-------+
| GLOBAL CLOCK BUFFERs |    3 |     0 |       404 |  0.74 |
|   BUFGCE             |    3 |     0 |       116 |  2.59 |
|   BUFGCE_DIV         |    0 |     0 |        16 |  0.00 |
|   BUFG_GT            |    0 |     0 |       168 |  0.00 |
|   BUFG_PS            |    0 |     0 |        72 |  0.00 |
|   BUFGCTRL*          |    0 |     0 |        32 |  0.00 |
| PLL                  |    0 |     0 |         8 |  0.00 |
| MMCM                 |    0 |     0 |         4 |  0.00 |
+----------------------+------+-------+-----------+-------+
* Note: Each used BUFGCTRL counts as two global buffer resources. This table does not include global clocking resources, only buffer cell usage. See the Clock Utilization Report (report_clock_utilization) for detailed accounting of global clocking resource availability.


7. ADVANCED
-----------

+-----------------+------+-------+-----------+-------+
|    Site Type    | Used | Fixed | Available | Util% |
+-----------------+------+-------+-----------+-------+
| GTHE4_CHANNEL   |    0 |     0 |        24 |  0.00 |
| GTHE4_COMMON    |    0 |     0 |         6 |  0.00 |
| OBUFDS_GTE4     |    0 |     0 |        12 |  0.00 |
| OBUFDS_GTE4_ADV |    0 |     0 |        12 |  0.00 |
| PS8             |    0 |     0 |         1 |  0.00 |
| SYSMONE4        |    0 |     0 |         1 |  0.00 |
+-----------------+------+-------+-----------+-------+


8. CONFIGURATION
----------------

+-------------+------+-------+-----------+-------+
|  Site Type  | Used | Fixed | Available | Util% |
+-------------+------+-------+-----------+-------+
| BSCANE2     |    0 |     0 |         4 |  0.00 |
| DNA_PORTE2  |    0 |     0 |         1 |  0.00 |
| EFUSE_USR   |    0 |     0 |         1 |  0.00 |
| FRAME_ECCE4 |    0 |     0 |         1 |  0.00 |
| ICAPE3      |    0 |     0 |         2 |  0.00 |
| MASTER_JTAG |    0 |     0 |         1 |  0.00 |
| STARTUPE3   |    0 |     0 |         1 |  0.00 |
+-------------+------+-------+-----------+-------+


9. Primitives
-------------

+----------+------+---------------------+
| Ref Name | Used | Functional Category |
+----------+------+---------------------+
| FDRE     | 1088 |            Register |
| LUT6     |  341 |                 CLB |
| LUT3     |  125 |                 CLB |
| LUT4     |   99 |                 CLB |
| LUT5     |   91 |                 CLB |
| MUXF7    |   64 |                 CLB |
| LUT2     |   62 |                 CLB |
| FDSE     |   47 |            Register |
| INBUF    |   42 |                 I/O |
| IBUFCTRL |   42 |              Others |
| OBUF     |   35 |                 I/O |
| MUXF8    |   32 |                 CLB |
| LUT1     |   22 |                 CLB |
| RAMD32   |   14 |                 CLB |
| BUFGCE   |    3 |               Clock |
| RAMS32   |    2 |                 CLB |
+----------+------+---------------------+


10. Black Boxes
---------------

+----------+------+
| Ref Name | Used |
+----------+------+


11. Instantiated Netlists
-------------------------

+----------+------+
| Ref Name | Used |
+----------+------+


