Copyright 1986-2017 Xilinx, Inc. All Rights Reserved.
----------------------------------------------------------------------------------------------------------------------------------------------------------------------------------------------------------------
| Tool Version     : Vivado v.2017.3 (win64) Build 2018833 Wed Oct  4 19:58:22 MDT 2017
| Date             : Wed May 20 22:20:41 2026
| Host             : Icer running 64-bit major release  (build 9200)
| Command          : report_power -file mipi_csi2_capture_fpga_wrapper_power_routed.rpt -pb mipi_csi2_capture_fpga_wrapper_power_summary_routed.pb -rpx mipi_csi2_capture_fpga_wrapper_power_routed.rpx
| Design           : mipi_csi2_capture_fpga_wrapper
| Device           : xczu9eg-ffvb1156-2-e
| Design State     : routed
| Grade            : extended
| Process          : typical
| Characterization : Production
----------------------------------------------------------------------------------------------------------------------------------------------------------------------------------------------------------------

Power Report

Table of Contents
-----------------
1. Summary
1.1 On-Chip Components
1.2 Power Supply Summary
1.3 Confidence Level
2. Settings
2.1 Environment
2.2 Clock Constraints
3. Detailed Reports
3.1 By Hierarchy

1. Summary
----------

+--------------------------+--------------+
| Total On-Chip Power (W)  | 0.648        |
| Design Power Budget (W)  | Unspecified* |
| Power Budget Margin (W)  | NA           |
| Dynamic (W)              | 0.028        |
| Device Static (W)        | 0.620        |
| Effective TJA (C/W)      | 1.0          |
| Max Ambient (C)          | 99.4         |
| Junction Temperature (C) | 25.6         |
| Confidence Level         | Low          |
| Setting File             | ---          |
| Simulation Activity File | ---          |
| Design Nets Matched      | NA           |
+--------------------------+--------------+
* Specify Design Power Budget using, set_operating_conditions -design_power_budget <value in Watts>


1.1 On-Chip Components
----------------------

+--------------------------+-----------+----------+-----------+-----------------+
| On-Chip                  | Power (W) | Used     | Available | Utilization (%) |
+--------------------------+-----------+----------+-----------+-----------------+
| Clocks                   |     0.007 |        6 |       --- |             --- |
| CLB Logic                |     0.004 |     2017 |       --- |             --- |
|   LUT as Logic           |     0.003 |      610 |    274080 |            0.22 |
|   Register               |    <0.001 |     1135 |    548160 |            0.21 |
|   LUT as Distributed RAM |    <0.001 |        8 |    144000 |           <0.01 |
|   Others                 |     0.000 |       30 |       --- |             --- |
|   F7/F8 Muxes            |     0.000 |       96 |    274080 |            0.04 |
| Signals                  |     0.006 |     1565 |       --- |             --- |
| I/O                      |     0.011 |       77 |       328 |           23.48 |
| Static Power             |     0.620 |          |           |                 |
| Total                    |     0.648 |          |           |                 |
+--------------------------+-----------+----------+-----------+-----------------+


1.2 Power Supply Summary
------------------------

+-----------------+-------------+-----------+-------------+------------+
| Source          | Voltage (V) | Total (A) | Dynamic (A) | Static (A) |
+-----------------+-------------+-----------+-------------+------------+
| Vccint          |       0.850 |     0.198 |       0.020 |      0.179 |
| Vccint_io       |       0.850 |     0.034 |       0.001 |      0.034 |
| Vccint_xiphy    |       0.850 |     0.002 |       0.000 |      0.002 |
| Vccbram         |       0.850 |     0.003 |       0.000 |      0.003 |
| Vccaux          |       1.800 |     0.195 |       0.000 |      0.195 |
| Vccaux_io       |       1.800 |     0.038 |       0.006 |      0.033 |
| Vcco33          |       3.300 |     0.000 |       0.000 |      0.000 |
| Vcco25          |       2.500 |     0.000 |       0.000 |      0.000 |
| Vcco18          |       1.800 |     0.000 |       0.000 |      0.000 |
| Vcco15          |       1.500 |     0.000 |       0.000 |      0.000 |
| Vcco135         |       1.350 |     0.000 |       0.000 |      0.000 |
| Vcco12          |       1.200 |     0.000 |       0.000 |      0.000 |
| Vcco10          |       1.000 |     0.000 |       0.000 |      0.000 |
| Vccadc          |       1.800 |     0.008 |       0.000 |      0.008 |
| VCC_PSINTFP     |       0.850 |     0.000 |       0.000 |      0.000 |
| VCC_PSINTLP     |       0.850 |     0.005 |       0.000 |      0.005 |
| VPS_MGTRAVCC    |       0.850 |     0.000 |       0.000 |      0.000 |
| VCC_PSINTFP_DDR |       0.850 |     0.000 |       0.000 |      0.000 |
| VCC_PSPLL       |       1.200 |     0.002 |       0.000 |      0.002 |
| VPS_MGTRAVTT    |       1.800 |     0.000 |       0.000 |      0.000 |
| VCCO_PSDDR_504  |       1.200 |     0.000 |       0.000 |      0.000 |
| VCC_PSAUX       |       1.800 |     0.002 |       0.000 |      0.002 |
| VCC_PSBATT      |       1.200 |     0.000 |       0.000 |      0.000 |
| VCC_PSDDR_PLL   |       1.800 |     0.000 |       0.000 |      0.000 |
| VCCO_PSIO0_500  |       3.300 |     0.000 |       0.000 |      0.000 |
| VCCO_PSIO1_501  |       3.300 |     0.000 |       0.000 |      0.000 |
| VCCO_PSIO2_502  |       3.300 |     0.000 |       0.000 |      0.000 |
| VCCO_PSIO3_503  |       3.300 |     0.000 |       0.000 |      0.000 |
| VCC_PSADC       |       1.800 |     0.002 |       0.000 |      0.002 |
| MGTAVcc         |       0.900 |     0.000 |       0.000 |      0.000 |
| MGTAVtt         |       1.200 |     0.000 |       0.000 |      0.000 |
| MGTVccaux       |       1.800 |     0.000 |       0.000 |      0.000 |
+-----------------+-------------+-----------+-------------+------------+


1.3 Confidence Level
--------------------

+-----------------------------+------------+--------------------------------------------------------+------------------------------------------------------------------------------------------------------------+
| User Input Data             | Confidence | Details                                                | Action                                                                                                     |
+-----------------------------+------------+--------------------------------------------------------+------------------------------------------------------------------------------------------------------------+
| Design implementation state | High       | Design is routed                                       |                                                                                                            |
| Clock nodes activity        | High       | User specified more than 95% of clocks                 |                                                                                                            |
| I/O nodes activity          | Low        | More than 75% of inputs are missing user specification | Provide missing input activity with simulation results or by editing the "By Resource Type -> I/Os" view   |
| Internal nodes activity     | Medium     | User specified less than 25% of internal nodes         | Provide missing internal nodes activity with simulation results or by editing the "By Resource Type" views |
| Device models               | High       | Device models are Production                           |                                                                                                            |
|                             |            |                                                        |                                                                                                            |
| Overall confidence level    | Low        |                                                        |                                                                                                            |
+-----------------------------+------------+--------------------------------------------------------+------------------------------------------------------------------------------------------------------------+


2. Settings
-----------

2.1 Environment
---------------

+-----------------------+--------------------------+
| Ambient Temp (C)      | 25.0                     |
| ThetaJA (C/W)         | 1.0                      |
| Airflow (LFM)         | 250                      |
| Heat Sink             | medium (Medium Profile)  |
| ThetaSA (C/W)         | 1.5                      |
| Board Selection       | medium (10"x10")         |
| # of Board Layers     | 12to15 (12 to 15 Layers) |
| Board Temperature (C) | 25.0                     |
+-----------------------+--------------------------+


2.2 Clock Constraints
---------------------

+----------+----------+-----------------+
| Clock    | Domain   | Constraint (ns) |
+----------+----------+-----------------+
| clk_axi  | clk_axi  |             5.0 |
| clk_byte | clk_byte |             5.3 |
| clk_sys  | clk_sys  |             5.0 |
+----------+----------+-----------------+


3. Detailed Reports
-------------------

3.1 By Hierarchy
----------------

+--------------------------------+-----------+
| Name                           | Power (W) |
+--------------------------------+-----------+
| mipi_csi2_capture_fpga_wrapper |     0.028 |
|   clk_axi_IBUF_inst            |    <0.001 |
|   clk_byte_IBUF_inst           |    <0.001 |
|   clk_sys_IBUF_inst            |    <0.001 |
|   hs_mode_IBUF_inst            |    <0.001 |
|   lane_data_0_IBUF[0]_inst     |    <0.001 |
|   lane_data_0_IBUF[1]_inst     |    <0.001 |
|   lane_data_0_IBUF[2]_inst     |    <0.001 |
|   lane_data_0_IBUF[3]_inst     |    <0.001 |
|   lane_data_0_IBUF[4]_inst     |    <0.001 |
|   lane_data_0_IBUF[5]_inst     |    <0.001 |
|   lane_data_0_IBUF[6]_inst     |    <0.001 |
|   lane_data_0_IBUF[7]_inst     |    <0.001 |
|   lane_data_1_IBUF[0]_inst     |    <0.001 |
|   lane_data_1_IBUF[1]_inst     |    <0.001 |
|   lane_data_1_IBUF[2]_inst     |    <0.001 |
|   lane_data_1_IBUF[3]_inst     |    <0.001 |
|   lane_data_1_IBUF[4]_inst     |    <0.001 |
|   lane_data_1_IBUF[5]_inst     |    <0.001 |
|   lane_data_1_IBUF[6]_inst     |    <0.001 |
|   lane_data_1_IBUF[7]_inst     |    <0.001 |
|   lane_data_2_IBUF[0]_inst     |    <0.001 |
|   lane_data_2_IBUF[1]_inst     |    <0.001 |
|   lane_data_2_IBUF[2]_inst     |    <0.001 |
|   lane_data_2_IBUF[3]_inst     |    <0.001 |
|   lane_data_2_IBUF[4]_inst     |    <0.001 |
|   lane_data_2_IBUF[5]_inst     |    <0.001 |
|   lane_data_2_IBUF[6]_inst     |    <0.001 |
|   lane_data_2_IBUF[7]_inst     |    <0.001 |
|   lane_data_3_IBUF[0]_inst     |    <0.001 |
|   lane_data_3_IBUF[1]_inst     |    <0.001 |
|   lane_data_3_IBUF[2]_inst     |    <0.001 |
|   lane_data_3_IBUF[3]_inst     |    <0.001 |
|   lane_data_3_IBUF[4]_inst     |    <0.001 |
|   lane_data_3_IBUF[5]_inst     |    <0.001 |
|   lane_data_3_IBUF[6]_inst     |    <0.001 |
|   lane_data_3_IBUF[7]_inst     |    <0.001 |
|   lane_valid_0_IBUF_inst       |    <0.001 |
|   lane_valid_1_IBUF_inst       |    <0.001 |
|   lane_valid_2_IBUF_inst       |    <0.001 |
|   lane_valid_3_IBUF_inst       |    <0.001 |
|   lp_mode_IBUF_inst            |    <0.001 |
|   rst_n_IBUF_inst              |    <0.001 |
|   u_axi_write_null_slave       |    <0.001 |
|   u_fpga_apb_boot_cfg          |    <0.001 |
|   u_mipi_csi2_capture_top      |     0.016 |
|     u_byte_to_sys_fifo         |     0.002 |
|       mem_reg_0_15_0_5         |     0.001 |
|     u_csi2_long_packet_parser  |     0.002 |
|       u_header_ecc_checker     |    <0.001 |
|     u_degrade_recover_fsm      |    <0.001 |
|     u_err_classifier           |    <0.001 |
|     u_frame_line_sync_fsm      |    <0.001 |
|     u_lane_deskew_buffer       |     0.005 |
|     u_lane_reorder_merge       |    <0.001 |
|     u_payload_crc_checker      |     0.002 |
|     u_pixel_to_axi_writer      |     0.001 |
|       u_axi_write_master       |    <0.001 |
|       u_pixel_data_fifo        |    <0.001 |
|     u_preprocess_bypass_mux    |    <0.001 |
|     u_raw10_unpack             |    <0.001 |
|     u_raw8_unpack              |    <0.001 |
|     u_resync_ctrl_fsm          |    <0.001 |
|     u_rgb888_unpack            |    <0.001 |
|     u_yuv422_unpack            |    <0.001 |
+--------------------------------+-----------+


