
****** Vivado v2017.3 (64-bit)
  **** SW Build 2018833 on Wed Oct  4 19:58:22 MDT 2017
  **** IP Build 2016188 on Wed Oct  4 21:52:56 MDT 2017
    ** Copyright 1986-2017 Xilinx, Inc. All Rights Reserved.

source {fpga\vivado\create_project.tcl}
# set script_dir [file normalize [file dirname [info script]]]
# set repo_root  [file normalize [file join $script_dir ../..]]
# set project_name "mipi_csi2_capture"
# set top_module   "mipi_csi2_capture_top"
# set fpga_part    "xczu9eg-ffvb1156-2-e"
# if {[info exists ::env(FPGA_PART)] && ($::env(FPGA_PART) ne "")} {
#     set fpga_part $::env(FPGA_PART)
# }
# if {[llength $argv] >= 1} {
#     set fpga_part [lindex $argv 0]
# }
# if {[llength $argv] >= 2} {
#     set project_name [lindex $argv 1]
# }
# if {[llength $argv] >= 3} {
#     set top_module [lindex $argv 2]
# }
# if {$fpga_part eq "FPGA_PART_PLACEHOLDER"} {
#     puts "ERROR: FPGA part is invalid."
#     puts "       Pass a concrete Vivado part as the first -tclargs value,"
#     puts "       or export FPGA_PART before running this script."
#     return -code error "invalid FPGA part"
# }
# proc collect_files_recursive {root patterns} {
#     set result {}
#     if {![file isdirectory $root]} {
#         return $result
#     }
# 
#     foreach item [lsort [glob -nocomplain -directory $root *]] {
#         if {[file isdirectory $item]} {
#             set result [concat $result [collect_files_recursive $item $patterns]]
#         } else {
#             foreach pattern $patterns {
#                 if {[string match $pattern [file tail $item]]} {
#                     lappend result [file normalize $item]
#                     break
#                 }
#             }
#         }
#     }
#     return $result
# }
# proc file_list_has_module {files module_name} {
#     set module_re [format {(^|[;[:space:]])module[[:space:]]+%s([[:space:]#;(]|$)} $module_name]
# 
#     foreach src_file $files {
#         if {![file exists $src_file]} {
#             continue
#         }
#         set fp [open $src_file r]
#         set text [read $fp]
#         close $fp
#         if {[regexp $module_re $text]} {
#             return 1
#         }
#     }
#     return 0
# }
# set project_root [file join $script_dir work $project_name]
# set report_root  [file join $script_dir reports $project_name]
# set rtl_root     [file join $repo_root rtl]
# set xdc_root     [file join $repo_root fpga xdc]
# file mkdir $project_root
# file mkdir $report_root
# puts "INFO: Repository root : $repo_root"
INFO: Repository root : C:/Users/qigua/OneDrive/Desktop/MIPI ALL
# puts "INFO: Project name    : $project_name"
INFO: Project name    : mipi_csi2_capture_fpga_clean_20260506
# puts "INFO: Project root    : $project_root"
INFO: Project root    : C:/Users/qigua/OneDrive/Desktop/MIPI ALL/fpga/vivado/work/mipi_csi2_capture_fpga_clean_20260506
# puts "INFO: FPGA part       : $fpga_part"
INFO: FPGA part       : xczu9eg-ffvb1156-2-e
# puts "INFO: Requested top   : $top_module"
INFO: Requested top   : mipi_csi2_capture_fpga_wrapper
# create_project $project_name $project_root -part $fpga_part -force
INFO: [ProjectBase 1-489] The host OS only allows 260 characters in a normal path. The project is stored in a path with more than 80 characters. If you experience issues with IP, Block Designs, or files not being found, please consider moving the project to a location with a shorter path. Alternately consider using the OS subst command to map part of the path to a drive letter.
Current project path is 'C:/Users/qigua/OneDrive/Desktop/MIPI ALL/fpga/vivado/work/mipi_csi2_capture_fpga_clean_20260506'
# set_property target_language Verilog [current_project]
# set_property simulator_language Mixed [current_project]
# set rtl_files [collect_files_recursive $rtl_root [list "*.sv" "*.v"]]
# if {[llength $rtl_files] == 0} {
#     return -code error "no RTL files found under $rtl_root"
# }
# add_files -fileset sources_1 $rtl_files
# set xdc_files [collect_files_recursive $xdc_root [list "*.xdc"]]
# if {[llength $xdc_files] > 0} {
#     add_files -fileset constrs_1 $xdc_files
# } else {
#     puts "WARNING: No XDC files found under $xdc_root"
# }
# if {[file_list_has_module $rtl_files $top_module]} {
#     set_property top $top_module [current_fileset]
#     puts "INFO: Top module set to $top_module"
# } else {
#     puts "WARNING: Top module '$top_module' was not found in rtl/."
#     puts "WARNING: Project was created as a source/constraint skeleton only."
#     puts "WARNING: Add top integration RTL before running synthesis."
# }
INFO: Top module set to mipi_csi2_capture_fpga_wrapper
# update_compile_order -fileset sources_1
# update_compile_order -fileset sim_1
# puts "INFO: Added [llength $rtl_files] RTL source files."
INFO: Added 34 RTL source files.
# puts "INFO: Added [llength $xdc_files] XDC constraint files."
INFO: Added 1 XDC constraint files.
# puts "INFO: Vivado project creation completed."
INFO: Vivado project creation completed.
INFO: [Common 17-206] Exiting Vivado at Wed May  6 15:56:07 2026...
