Copyright 1986-2017 Xilinx, Inc. All Rights Reserved.
-------------------------------------------------------------------------------------------------------------------------------------------------------------------
| Tool Version : Vivado v.2017.3 (win64) Build 2018833 Wed Oct  4 19:58:22 MDT 2017
| Date         : Tue May 19 22:41:02 2026
| Host         : Icer running 64-bit major release  (build 9200)
| Command      : report_utilization -file {C:/Users/qigua/OneDrive/Desktop/MIPI ALL/fpga/vivado/reports/mipi_csi2_capture_fpga_head_20260519/impl_utilization.rpt}
| Design       : mipi_csi2_capture_fpga_wrapper
| Device       : xczu9egffvb1156-2
| Design State : Routed
-------------------------------------------------------------------------------------------------------------------------------------------------------------------

Utilization Design Information

Table of Contents
-----------------
1. CLB Logic
1.1 Summary of Registers by Type
2. CLB Logic Distribution
3. BLOCKRAM
4. ARITHMETIC
5. I/O
6. CLOCK
7. ADVANCED
8. CONFIGURATION
9. Primitives
10. Black Boxes
11. Instantiated Netlists

1. CLB Logic
------------

+----------------------------+------+-------+-----------+-------+
|          Site Type         | Used | Fixed | Available | Util% |
+----------------------------+------+-------+-----------+-------+
| CLB LUTs                   |  530 |     0 |    274080 |  0.19 |
|   LUT as Logic             |  522 |     0 |    274080 |  0.19 |
|   LUT as Memory            |    8 |     0 |    144000 | <0.01 |
|     LUT as Distributed RAM |    8 |     0 |           |       |
|     LUT as Shift Register  |    0 |     0 |           |       |
| CLB Registers              |  819 |     0 |    548160 |  0.15 |
|   Register as Flip Flop    |  819 |     0 |    548160 |  0.15 |
|   Register as Latch        |    0 |     0 |    548160 |  0.00 |
| CARRY8                     |    0 |     0 |     34260 |  0.00 |
| F7 Muxes                   |   32 |     0 |    137040 |  0.02 |
| F8 Muxes                   |   16 |     0 |     68520 |  0.02 |
| F9 Muxes                   |    0 |     0 |     34260 |  0.00 |
+----------------------------+------+-------+-----------+-------+


1.1 Summary of Registers by Type
--------------------------------

+-------+--------------+-------------+--------------+
| Total | Clock Enable | Synchronous | Asynchronous |
+-------+--------------+-------------+--------------+
| 0     |            _ |           - |            - |
| 0     |            _ |           - |          Set |
| 0     |            _ |           - |        Reset |
| 0     |            _ |         Set |            - |
| 0     |            _ |       Reset |            - |
| 0     |          Yes |           - |            - |
| 0     |          Yes |           - |          Set |
| 0     |          Yes |           - |        Reset |
| 41    |          Yes |         Set |            - |
| 778   |          Yes |       Reset |            - |
+-------+--------------+-------------+--------------+


2. CLB Logic Distribution
-------------------------

+-------------------------------------------+------+-------+-----------+-------+
|                 Site Type                 | Used | Fixed | Available | Util% |
+-------------------------------------------+------+-------+-----------+-------+
| CLB                                       |  140 |     0 |     34260 |  0.41 |
|   CLBL                                    |   68 |     0 |           |       |
|   CLBM                                    |   72 |     0 |           |       |
| LUT as Logic                              |  522 |     0 |    274080 |  0.19 |
|   using O5 output only                    |   28 |       |           |       |
|   using O6 output only                    |  395 |       |           |       |
|   using O5 and O6                         |   99 |       |           |       |
| LUT as Memory                             |    8 |     0 |    144000 | <0.01 |
|   LUT as Distributed RAM                  |    8 |     0 |           |       |
|     using O5 output only                  |    0 |       |           |       |
|     using O6 output only                  |    0 |       |           |       |
|     using O5 and O6                       |    8 |       |           |       |
|   LUT as Shift Register                   |    0 |     0 |           |       |
| LUT Flip Flop Pairs                       |  206 |     0 |    274080 |  0.08 |
|   fully used LUT-FF pairs                 |   53 |       |           |       |
|   LUT-FF pairs with one unused LUT output |  147 |       |           |       |
|   LUT-FF pairs with one unused Flip Flop  |  131 |       |           |       |
| Unique Control Sets                       |   94 |       |           |       |
+-------------------------------------------+------+-------+-----------+-------+
* Note: Review the Control Sets Report for more information regarding control sets.


3. BLOCKRAM
-----------

+----------------+------+-------+-----------+-------+
|    Site Type   | Used | Fixed | Available | Util% |
+----------------+------+-------+-----------+-------+
| Block RAM Tile |    0 |     0 |       912 |  0.00 |
|   RAMB36/FIFO* |    0 |     0 |       912 |  0.00 |
|   RAMB18       |    0 |     0 |      1824 |  0.00 |
+----------------+------+-------+-----------+-------+
* Note: Each Block RAM Tile only has one FIFO logic available and therefore can accommodate only one FIFO36E2 or one FIFO18E2. However, if a FIFO18E2 occupies a Block RAM Tile, that tile can still accommodate a RAMB18E2


4. ARITHMETIC
-------------

+-----------+------+-------+-----------+-------+
| Site Type | Used | Fixed | Available | Util% |
+-----------+------+-------+-----------+-------+
| DSPs      |    0 |     0 |      2520 |  0.00 |
+-----------+------+-------+-----------+-------+


5. I/O
------

+------------------+------+-------+-----------+-------+
|     Site Type    | Used | Fixed | Available | Util% |
+------------------+------+-------+-----------+-------+
| Bonded IOB       |   59 |     0 |       328 | 17.99 |
| HPIOB_M          |   28 |     0 |        96 | 29.17 |
|   INPUT          |   12 |       |           |       |
|   OUTPUT         |   16 |       |           |       |
|   BIDIR          |    0 |       |           |       |
| HPIOB_S          |   28 |     0 |        96 | 29.17 |
|   INPUT          |    9 |       |           |       |
|   OUTPUT         |   19 |       |           |       |
|   BIDIR          |    0 |       |           |       |
| HDIOB_M          |    0 |     0 |        60 |  0.00 |
| HDIOB_S          |    0 |     0 |        60 |  0.00 |
| HPIOB_SNGL       |    3 |     0 |        16 | 18.75 |
|   INPUT          |    3 |       |           |       |
|   OUTPUT         |    0 |       |           |       |
|   BIDIR          |    0 |       |           |       |
| HPIOBDIFFINBUF   |    0 |     0 |        96 |  0.00 |
| HPIOBDIFFOUTBUF  |    0 |     0 |        96 |  0.00 |
| HDIOBDIFFINBUF   |    0 |     0 |        60 |  0.00 |
| BITSLICE_CONTROL |    0 |     0 |        32 |  0.00 |
| BITSLICE_RX_TX   |    0 |     0 |       208 |  0.00 |
| BITSLICE_TX      |    0 |     0 |        32 |  0.00 |
| RIU_OR           |    0 |     0 |        16 |  0.00 |
+------------------+------+-------+-----------+-------+


6. CLOCK
--------

+----------------------+------+-------+-----------+-------+
|       Site Type      | Used | Fixed | Available | Util% |
+----------------------+------+-------+-----------+-------+
| GLOBAL CLOCK BUFFERs |    3 |     0 |       404 |  0.74 |
|   BUFGCE             |    3 |     0 |       116 |  2.59 |
|   BUFGCE_DIV         |    0 |     0 |        16 |  0.00 |
|   BUFG_GT            |    0 |     0 |       168 |  0.00 |
|   BUFG_PS            |    0 |     0 |        72 |  0.00 |
|   BUFGCTRL*          |    0 |     0 |        32 |  0.00 |
| PLL                  |    0 |     0 |         8 |  0.00 |
| MMCM                 |    0 |     0 |         4 |  0.00 |
+----------------------+------+-------+-----------+-------+
* Note: Each used BUFGCTRL counts as two global buffer resources. This table does not include global clocking resources, only buffer cell usage. See the Clock Utilization Report (report_clock_utilization) for detailed accounting of global clocking resource availability.


7. ADVANCED
-----------

+-----------------+------+-------+-----------+-------+
|    Site Type    | Used | Fixed | Available | Util% |
+-----------------+------+-------+-----------+-------+
| GTHE4_CHANNEL   |    0 |     0 |        24 |  0.00 |
| GTHE4_COMMON    |    0 |     0 |         6 |  0.00 |
| OBUFDS_GTE4     |    0 |     0 |        12 |  0.00 |
| OBUFDS_GTE4_ADV |    0 |     0 |        12 |  0.00 |
| PS8             |    0 |     0 |         1 |  0.00 |
| SYSMONE4        |    0 |     0 |         1 |  0.00 |
+-----------------+------+-------+-----------+-------+


8. CONFIGURATION
----------------

+-------------+------+-------+-----------+-------+
|  Site Type  | Used | Fixed | Available | Util% |
+-------------+------+-------+-----------+-------+
| BSCANE2     |    0 |     0 |         4 |  0.00 |
| DNA_PORTE2  |    0 |     0 |         1 |  0.00 |
| EFUSE_USR   |    0 |     0 |         1 |  0.00 |
| FRAME_ECCE4 |    0 |     0 |         1 |  0.00 |
| ICAPE3      |    0 |     0 |         2 |  0.00 |
| MASTER_JTAG |    0 |     0 |         1 |  0.00 |
| STARTUPE3   |    0 |     0 |         1 |  0.00 |
+-------------+------+-------+-----------+-------+


9. Primitives
-------------

+----------+------+---------------------+
| Ref Name | Used | Functional Category |
+----------+------+---------------------+
| FDRE     |  778 |            Register |
| LUT6     |  233 |                 CLB |
| LUT3     |  123 |                 CLB |
| LUT4     |  106 |                 CLB |
| LUT5     |   88 |                 CLB |
| LUT2     |   53 |                 CLB |
| FDSE     |   41 |            Register |
| OBUF     |   35 |                 I/O |
| MUXF7    |   32 |                 CLB |
| INBUF    |   24 |                 I/O |
| IBUFCTRL |   24 |              Others |
| LUT1     |   18 |                 CLB |
| MUXF8    |   16 |                 CLB |
| RAMD32   |   14 |                 CLB |
| BUFGCE   |    3 |               Clock |
| RAMS32   |    2 |                 CLB |
+----------+------+---------------------+


10. Black Boxes
---------------

+----------+------+
| Ref Name | Used |
+----------+------+


11. Instantiated Netlists
-------------------------

+----------+------+
| Ref Name | Used |
+----------+------+


